<?xml version="1.0" encoding="UTF-8"?>
<!-- Generated by org.testng.reporters.JUnitReportReporter -->
<testsuite skipped="0" hostname="LAPTOP-E7MB4N8R" name="com.automation.testscript.LoginActi" tests="1" failures="0" timestamp="2022-10-07T23:34:20 IST" time="10.563" errors="0">
  <testcase name="loginAccount" time="10.563" classname="com.automation.testscript.LoginActi"/>
  <system-out>
    <![CDATA[Hi]]>
  </system-out>
</testsuite> <!-- com.automation.testscript.LoginActi -->
