<?xml version="1.0" encoding="UTF-8"?>
<!-- Generated by org.testng.reporters.JUnitReportReporter -->
<testsuite skipped="0" hostname="LAPTOP-E7MB4N8R" name="com.automation.testscript.ActiLogin" tests="1" failures="0" timestamp="2022-10-07T23:43:48 IST" time="17.738" errors="0">
  <testcase name="createModule" time="17.738" classname="com.automation.testscript.ActiLogin"/>
  <system-out>
    <![CDATA[Noorulla]]>
  </system-out>
</testsuite> <!-- com.automation.testscript.ActiLogin -->
