<?xml version="1.0" encoding="UTF-8"?>
<!-- Generated by org.testng.reporters.JUnitReportReporter -->
<testsuite skipped="0" hostname="LAPTOP-E7MB4N8R" name="com.automation.testscript.LoginActi" tests="1" failures="0" timestamp="2022-09-17T19:50:52 IST" time="13.571" errors="0">
  <testcase name="loginAccount" time="13.571" classname="com.automation.testscript.LoginActi"/>
  <system-out>
    <![CDATA[Noor]]>
  </system-out>
</testsuite> <!-- com.automation.testscript.LoginActi -->
